<?xml version="1.0" encoding="UTF-8"?>
<!-- Generated by org.testng.reporters.JUnitReportReporter -->
<testsuite hostname="DESKTOP-F9PCQ1V" failures="0" tests="1" name="Test.demo" time="0.025" errors="0" timestamp="2022-01-12T19:16:06 IST" skipped="0">
  <testcase classname="Test.demo" name="logjpractice" time="0.025"/>
  <system-out/>
</testsuite> <!-- Test.demo -->
