<?xml version="1.0" encoding="UTF-8"?>
<!-- Generated by org.testng.reporters.JUnitReportReporter -->
<testsuite hostname="DESKTOP-F9PCQ1V" failures="0" tests="1" name="Test.logss" time="7.177" errors="0" timestamp="2022-03-04T17:09:00 IST" skipped="0">
  <testcase classname="Test.logss" name="FbloginPageWithValidCredentials" time="7.177"/>
  <system-out/>
</testsuite> <!-- Test.logss -->
